processing: https://api.vc.bilibili.com/link_draw/v1/doc/doc_list?uid=6823116&page_num=0&page_size=30&biz=all
{"code":0,"msg":"success","message":"success","data":{"items":[{"doc_id":8980024,"poster_uid":6823116,"title":"","description":"bilibili_文豪试炼活动壁纸","pictures":[{"img_src":"https://i0.hdslb.com/bfs/album/2af6b6041a7e762034fe607365af59ec4dad7573.jpg","img_width":3641,"img_height":2048,"img_size":2835}],"count":1,"ctime":1540979816,"view":17741,"like":413},{"doc_id":8979888,"poster_uid":6823116,"title":"","description":"bilibili_会员购主题壁纸","pictures":[{"img_src":"https://i0.hdslb.com/bfs/album/685fbe573882b1d5150248c550583666102fc286.jpg","img_width":1920,"img_height":1172,"img_size":1500},{"img_src":"https://i0.hdslb.com/bfs/album/d5e0d8f9b1eeff8d07d0a2300ac3c99b8e9059b7.jpg","img_width":2514,"img_height":1416,"img_size":1641}],"count":2,"ctime":1540979480,"view":15182,"like":373},{"doc_id":8979877,"poster_uid":6823116,"title":"","description":"2018秋","pictures":[{"img_src":"https://i0.hdslb.com/bfs/album/4ea9a4a151d08bc7ca8ec02b51dcbbcfdcb2fa24.jpg","img_width":1920,"img_height":1080,"img_size":1180}],"count":1,"ctime":1540979451,"view":14080,"like":396},{"doc_id":8979862,"poster_uid":6823116,"title":"","description":"bilibili_discovery壁纸","pictures":[{"img_src":"https://i0.hdslb.com/bfs/album/7086908ccd1925fb6d33513f6ca8b42deefb0532.png","img_width":3840,"img_height":2160,"img_size":5178}],"count":1,"ctime":1540979405,"view":13499,"like":336},{"doc_id":8976046,"poster_uid":6823116,"title":"","description":"2018万圣节壁纸","pictures":[{"img_src":"https://i0.hdslb.com/bfs/album/6008ef1edf1af5aa6381715ed711b05919c8d92a.jpg","img_width":3840,"img_height":2160,"img_size":5114}],"count":1,"ctime":1540967133,"view":14691,"like":507},{"doc_id":6663705,"poster_uid":6823116,"title":"bilibili篮球队应援壁纸","description":"bilibili篮球队应援壁纸","pictures":[{"img_src":"https://i0.hdslb.com/bfs/album/567f32ecf82fe751fe30ed445ede13504f092745.png","img_width":1920,"img_height":1080,"img_size":1738}],"count":1,"ctime":1534320289,"view":50659,"like":740},{"doc_id":6663652,"poster_uid":6823116,"title":"2233娘","description":"2233娘","pictures":[{"img_src":"https://i0.hdslb.com/bfs/album/eb65ae5ee6f66b6381090f5bee4fe6cbabfd6d0d.png","img_width":2000,"img_height":1125,"img_size":2601}],"count":1,"ctime":1534320182,"view":46756,"like":749},{"doc_id":6663636,"poster_uid":6823116,"title":"2223娘古风壁纸","description":"2223娘古风壁纸","pictures":[{"img_src":"https://i0.hdslb.com/bfs/album/312ec0e7dac9e869800d90ccedf5cfabe5a189bc.jpg","img_width":1920,"img_height":1080,"img_size":1788}],"count":1,"ctime":1534320153,"view":45997,"like":539},{"doc_id":6663611,"poster_uid":6823116,"title":"2018拜年祭壁纸","description":"2018拜年祭壁纸","pictures":[{"img_src":"https://i0.hdslb.com/bfs/album/0bb75b33310cec5833b4a783d2e3f3c55f3aa60d.jpg","img_width":2732,"img_height":2048,"img_size":2469}],"count":1,"ctime":1534320097,"view":19157,"like":516},{"doc_id":6663499,"poster_uid":6823116,"title":"2018BW壁纸","description":"2018BW壁纸","pictures":[{"img_src":"https://i0.hdslb.com/bfs/album/a4ba1994e4274389bc45df12f87fae782c344c95.jpg","img_width":5000,"img_height":2733,"img_size":4980}],"count":1,"ctime":1534319885,"view":18561,"like":458},{"doc_id":6663381,"poster_uid":6823116,"title":"2018BML北京场宣传页背景","description":"2018BML北京场宣传页背景","pictures":[{"img_src":"https://i0.hdslb.com/bfs/album/93647dad7fccbf3464690f30f0bbfb2246df65fe.jpg","img_width":5334,"img_height":3000,"img_size":5986}],"count":1,"ctime":1534319657,"view":42032,"like":555},{"doc_id":6663342,"poster_uid":6823116,"title":"2018BML宣传页背景&直播页背景","description":"2018BML宣传页背景&直播页背景","pictures":[{"img_src":"https://i0.hdslb.com/bfs/album/b8a1333af8a1acaa70906ea2c6675719002b3bba.jpg","img_width":5163,"img_height":2905,"img_size":2032},{"img_src":"https://i0.hdslb.com/bfs/album/1712cce5e29e889e3781cd121391081ef87bcc50.jpg","img_width":2192,"img_height":3375,"img_size":4122},{"img_src":"https://i0.hdslb.com/bfs/album/054b04fd8e57be65c090e85252414d73682371c8.jpg","img_width":2046,"img_height":1151,"img_size":1273}],"count":3,"ctime":1534319561,"view":18382,"like":414},{"doc_id":6663303,"poster_uid":6823116,"title":"2017BML宣传页背景","description":"2017BML宣传页背景","pictures":[{"img_src":"https://i0.hdslb.com/bfs/album/821fc056ec511009bbb36e1ddb66c4736db1c83a.jpg","img_width":1920,"img_height":1080,"img_size":1046}],"count":1,"ctime":1534319471,"view":17017,"like":390},{"doc_id":6663236,"poster_uid":6823116,"title":"22“33，来笑一个♡”","description":"22“33，来笑一个♡”\n33“……”","pictures":[{"img_src":"https://i0.hdslb.com/bfs/album/d8ea218cf268e7bb6920f0c1891075bfde145e7a.png","img_width":1500,"img_height":1052,"img_size":1470}],"count":1,"ctime":1534319353,"view":16737,"like":454},{"doc_id":6663182,"poster_uid":6823116,"title":"喵喵!~击掌☆XD","description":"喵喵!~击掌☆XD","pictures":[{"img_src":"https://i0.hdslb.com/bfs/album/ebf71d55bac499f29052761ee90acc70ec93d6a2.png","img_width":1500,"img_height":1052,"img_size":1298}],"count":1,"ctime":1534319240,"view":16459,"like":446},{"doc_id":6663108,"poster_uid":6823116,"title":"2233娘与2233娘与2233娘……","description":"2233娘与2233娘与2233娘……","pictures":[{"img_src":"https://i0.hdslb.com/bfs/album/7fe3b4be95e18842c211ce49d32a0fafde230521.png","img_width":1920,"img_height":1080,"img_size":2552}],"count":1,"ctime":1534319103,"view":16520,"like":435},{"doc_id":6663049,"poster_uid":6823116,"title":"2018夏","description":"2018夏","pictures":[{"img_src":"https://i0.hdslb.com/bfs/album/026b232abe59d6e2bce9513cefedc5f70c4db615.jpg","img_width":5196,"img_height":4444,"img_size":5272}],"count":1,"ctime":1534318993,"view":16263,"like":469},{"doc_id":6663041,"poster_uid":6823116,"title":"实验室","description":"实验室","pictures":[{"img_src":"https://i0.hdslb.com/bfs/album/f0a9436098cafbdf925b54e0be2ca731663de2d9.png","img_width":3500,"img_height":1968,"img_size":4224}],"count":1,"ctime":1534318970,"view":15361,"like":453},{"doc_id":6662830,"poster_uid":6823116,"title":"2018世界杯应援活动","description":"2018世界杯应援活动","pictures":[{"img_src":"https://i0.hdslb.com/bfs/album/d27c932f9bc57ee2b531c00844e61a7cba758200.png","img_width":4364,"img_height":3272,"img_size":11263},{"img_src":"https://i0.hdslb.com/bfs/album/5aba2275630602d949c56cfd9e8bd65eef58b84b.png","img_width":2580,"img_height":1451,"img_size":3475}],"count":2,"ctime":1534318487,"view":16520,"like":369},{"doc_id":6662746,"poster_uid":6823116,"title":"2018端午节","description":"2018端午节","pictures":[{"img_src":"https://i0.hdslb.com/bfs/album/b2a3a3755ee1661548f8a0c39b288b310b9801a5.png","img_width":4098,"img_height":3072,"img_size":12017},{"img_src":"https://i0.hdslb.com/bfs/album/aca3109f102d22e1b5112c093eddbe5066a78d94.jpg","img_width":2732,"img_height":2049,"img_size":2652}],"count":2,"ctime":1534318317,"view":16594,"like":379},{"doc_id":6662721,"poster_uid":6823116,"title":"2018儿童节","description":"2018儿童节","pictures":[{"img_src":"https://i0.hdslb.com/bfs/album/16c00eaca195dc39b0bc673af4b811925cdbd30c.jpg","img_width":1920,"img_height":1080,"img_size":1132}],"count":1,"ctime":1534318254,"view":15501,"like":386},{"doc_id":6662637,"poster_uid":6823116,"title":"2017万圣节","description":"2017万圣节","pictures":[{"img_src":"https://i0.hdslb.com/bfs/album/6b0c9ad6d7e40c3d5d66e0cda2cb517b894318ca.jpg","img_width":3456,"img_height":1944,"img_size":4125},{"img_src":"https://i0.hdslb.com/bfs/album/f813b4ea25ee89e8277f0f86fe9e68fec5d18526.jpg","img_width":2028,"img_height":1418,"img_size":1255}],"count":2,"ctime":1534318096,"view":14911,"like":377},{"doc_id":6662581,"poster_uid":6823116,"title":"幸福时刻","description":"幸福时刻","pictures":[{"img_src":"https://i0.hdslb.com/bfs/album/ef43dee53b9a3481316eeec80c4b4ce18031633c.png","img_width":3456,"img_height":1944,"img_size":5095}],"count":1,"ctime":1534317998,"view":14629,"like":401},{"doc_id":6662433,"poster_uid":6823116,"title":"2018bilibili黄绿大战","description":"2018bilibili黄绿大战","pictures":[{"img_src":"https://i0.hdslb.com/bfs/album/c45afaebdbe62100b758817f96bd9b32e007d6b4.png","img_width":1920,"img_height":1080,"img_size":1752},{"img_src":"https://i0.hdslb.com/bfs/album/e5039f7eebda824d350df4113157c6af55892eaa.png","img_width":3000,"img_height":2249,"img_size":14107}],"count":2,"ctime":1534317704,"view":14553,"like":340},{"doc_id":6662250,"poster_uid":6823116,"title":"bilibili盛夏","description":"bilibili盛夏","pictures":[{"img_src":"https://i0.hdslb.com/bfs/album/3b25bf5db28d008fb341b2955c5b9fd5cde8e738.png","img_width":5000,"img_height":2812,"img_size":8332},{"img_src":"https://i0.hdslb.com/bfs/album/b3fc7d87535e24a1ad56f449ce8f0a3a6e953175.jpg","img_width":5163,"img_height":2905,"img_size":1653},{"img_src":"https://i0.hdslb.com/bfs/album/c6f1709f423d3d6a450e64813949ad7d39aa18cb.png","img_width":1500,"img_height":1200,"img_size":868}],"count":3,"ctime":1534317321,"view":14852,"like":417},{"doc_id":6662013,"poster_uid":6823116,"title":"bilibili世界","description":"bilibili世界","pictures":[{"img_src":"https://i0.hdslb.com/bfs/album/6fb80048b8aafd27d5651596a27e73478119bfc7.jpg","img_width":3456,"img_height":1944,"img_size":3432},{"img_src":"https://i0.hdslb.com/bfs/album/b9b272868f917d41a318936361e90b623086a6ca.jpg","img_width":3456,"img_height":1944,"img_size":2407},{"img_src":"https://i0.hdslb.com/bfs/album/60eb84097a945fed68e40f12a0060a79f5a2ca28.png","img_width":1920,"img_height":1080,"img_size":2619}],"count":3,"ctime":1534316846,"view":14843,"like":384},{"doc_id":6661988,"poster_uid":6823116,"title":"2233娘的下午茶时光","description":"2233娘的下午茶时光","pictures":[{"img_src":"https://i0.hdslb.com/bfs/album/784678138fb0f8389b525b1a8506a0193cb2799e.jpg","img_width":5000,"img_height":3535,"img_size":7558}],"count":1,"ctime":1534316780,"view":14900,"like":436},{"doc_id":6661851,"poster_uid":6823116,"title":"bilibili9周年画册封面","description":"bilibili","pictures":[{"img_src":"https://i0.hdslb.com/bfs/album/1419126238a1781f667e7f7f9924a1bcb67ec203.jpg","img_width":3575,"img_height":2400,"img_size":4531},{"img_src":"https://i0.hdslb.com/bfs/album/7b04bed47ea2febc77e1973fbceb5cf20baa48ea.jpg","img_width":3575,"img_height":2400,"img_size":4192},{"img_src":"https://i0.hdslb.com/bfs/album/039ab9e48d271245d59aced4dc7c0f406f9723d6.jpg","img_width":3575,"img_height":2400,"img_size":6393}],"count":3,"ctime":1534316516,"view":14928,"like":449},{"doc_id":4400983,"poster_uid":6823116,"title":"国产动画场2018壁纸","description":"","pictures":[{"img_src":"https://i0.hdslb.com/bfs/album/27e8f7feb10e8d9edc107e05be7e3973cad1a8d4.png","img_width":1920,"img_height":1080,"img_size":2903}],"count":1,"ctime":1527754295,"view":251846,"like":1097},{"doc_id":4400978,"poster_uid":6823116,"title":"日本动画场2018壁纸","description":"","pictures":[{"img_src":"https://i0.hdslb.com/bfs/album/78d33f48ed2c1d52ad5ee432ec62b2ea683d10c2.png","img_width":1920,"img_height":1080,"img_size":2839}],"count":1,"ctime":1527754276,"view":197957,"like":837}]}}
downloading image: bilibili_文豪试炼活动壁纸.jpg ...
downloading succeed
downloading image: bilibili_会员购主题壁纸.jpg ...
downloading succeed
downloading image: bilibili_会员购主题壁纸1.jpg ...
downloading succeed
downloading image: 2018秋.jpg ...
downloading succeed
downloading image: bilibili_discovery壁纸.png ...
downloading succeed
downloading image: 2018万圣节壁纸.jpg ...
downloading succeed
downloading image: bilibili篮球队应援壁纸.png ...
downloading succeed
downloading image: 2233娘.png ...
downloading succeed
downloading image: 2223娘古风壁纸.jpg ...
downloading succeed
downloading image: 2018拜年祭壁纸.jpg ...
downloading succeed
downloading image: 2018BW壁纸.jpg ...
downloading succeed
downloading image: 2018BML北京场宣传页背景.jpg ...
downloading succeed
downloading image: 2018BML宣传页背景&直播页背景.jpg ...
downloading succeed
downloading image: 2018BML宣传页背景&直播页背景1.jpg ...
downloading succeed
downloading image: 2018BML宣传页背景&直播页背景2.jpg ...
downloading succeed
downloading image: 2017BML宣传页背景.jpg ...
downloading succeed
downloading image: 22“33，来笑一个♡”.png ...
downloading succeed
downloading image: 喵喵!~击掌☆XD.png ...
downloading succeed
downloading image: 2233娘与2233娘与2233娘…….png ...
downloading succeed
downloading image: 2018夏.jpg ...
downloading succeed
downloading image: 实验室.png ...
downloading succeed
downloading image: 2018世界杯应援活动.png ...
downloading succeed
downloading image: 2018世界杯应援活动1.png ...
downloading succeed
downloading image: 2018端午节.png ...
downloading succeed
downloading image: 2018端午节1.jpg ...
downloading succeed
downloading image: 2018儿童节.jpg ...
downloading succeed
downloading image: 2017万圣节.jpg ...
downloading succeed
downloading image: 2017万圣节1.jpg ...
downloading succeed
downloading image: 幸福时刻.png ...
downloading succeed
downloading image: 2018bilibili黄绿大战.png ...
downloading succeed
downloading image: 2018bilibili黄绿大战1.png ...
downloading succeed
downloading image: bilibili盛夏.png ...
downloading succeed
downloading image: bilibili盛夏1.jpg ...
downloading succeed
downloading image: bilibili盛夏2.png ...
downloading succeed
downloading image: bilibili世界.jpg ...
downloading succeed
downloading image: bilibili世界1.jpg ...
downloading succeed
downloading image: bilibili世界2.png ...
downloading succeed
downloading image: 2233娘的下午茶时光.jpg ...
downloading succeed
downloading image: bilibili9周年画册封面.jpg ...
downloading succeed
downloading image: bilibili9周年画册封面1.jpg ...
downloading succeed
downloading image: bilibili9周年画册封面2.jpg ...
downloading succeed
downloading image: 国产动画场2018壁纸.png ...
downloading succeed
downloading image: 日本动画场2018壁纸.png ...
downloading succeed

=======================================================-===================

processing: https://api.vc.bilibili.com/link_draw/v1/doc/doc_list?uid=6823116&page_num=1&page_size=30&biz=all
{"code":0,"msg":"success","message":"success","data":{"items":[{"doc_id":3592400,"poster_uid":6823116,"title":"2018新年闪屏壁纸_初六","description":"","pictures":[{"img_src":"https://i0.hdslb.com/bfs/album/d02185dcede548b2d21d3c0290a01d29f43e6d38.jpg","img_width":1920,"img_height":1439,"img_size":1789}],"count":1,"ctime":1524624345,"view":45402,"like":244},{"doc_id":3592395,"poster_uid":6823116,"title":"2018新年闪屏壁纸_初五","description":"","pictures":[{"img_src":"https://i0.hdslb.com/bfs/album/ce3905529256949c8009f1cd223609273bb003ce.jpg","img_width":1920,"img_height":1439,"img_size":1658}],"count":1,"ctime":1524624327,"view":27471,"like":169},{"doc_id":3592390,"poster_uid":6823116,"title":"2018新年闪屏壁纸_初四","description":"","pictures":[{"img_src":"https://i0.hdslb.com/bfs/album/7568b10ec1584e1b138e878302a731c7f8643c47.jpg","img_width":1920,"img_height":1439,"img_size":1658}],"count":1,"ctime":1524624311,"view":19685,"like":156},{"doc_id":3592388,"poster_uid":6823116,"title":"2018新年闪屏壁纸_初三","description":"","pictures":[{"img_src":"https://i0.hdslb.com/bfs/album/aad5de573791d00362200263bafe9ce1c55a2825.jpg","img_width":1920,"img_height":1439,"img_size":1565}],"count":1,"ctime":1524624292,"view":17369,"like":149},{"doc_id":3592384,"poster_uid":6823116,"title":"2018新年闪屏壁纸_初二","description":"","pictures":[{"img_src":"https://i0.hdslb.com/bfs/album/c24cfb31ff81c6c50f637db8ba8a53d486496dfc.jpg","img_width":1920,"img_height":1439,"img_size":1893}],"count":1,"ctime":1524624272,"view":18555,"like":150},{"doc_id":3592378,"poster_uid":6823116,"title":"2018新年闪屏壁纸_初一","description":"","pictures":[{"img_src":"https://i0.hdslb.com/bfs/album/5d0af01b2ef5eb5e1205cb76b8edc857bb6ba588.jpg","img_width":1920,"img_height":1439,"img_size":1512}],"count":1,"ctime":1524624233,"view":17445,"like":153},{"doc_id":2464388,"poster_uid":6823116,"title":"2017新年闪屏","description":"bilibili","pictures":[{"img_src":"https://i0.hdslb.com/bfs/album/40b020ac4321b6d33e3b18eea0bbcf4688e1e93b.jpg","img_width":2732,"img_height":2049,"img_size":2849},{"img_src":"https://i0.hdslb.com/bfs/album/fa298443717e6569325103ab13af99095f5b9a4a.jpg","img_width":2732,"img_height":2049,"img_size":11375},{"img_src":"https://i0.hdslb.com/bfs/album/5964223ab3750965a7d7dde00f6885a95a46c156.jpg","img_width":2732,"img_height":2049,"img_size":2104},{"img_src":"https://i0.hdslb.com/bfs/album/71a9627bf0985a5d1e98f024eb859c49ba2019d5.jpg","img_width":2732,"img_height":2049,"img_size":1790},{"img_src":"https://i0.hdslb.com/bfs/album/743cfd021facd3f1d7a3e4a164ee6a273aac59bb.jpg","img_width":2732,"img_height":2048,"img_size":1905},{"img_src":"https://i0.hdslb.com/bfs/album/5c3e4c70463308ed01cfe3d85b3a4e72ddb0b39c.jpg","img_width":2732,"img_height":2049,"img_size":2320},{"img_src":"https://i0.hdslb.com/bfs/album/5df5a004e821d5407e6119b63f8fd71c5b7713c4.jpg","img_width":2732,"img_height":2049,"img_size":8540},{"img_src":"https://i0.hdslb.com/bfs/album/e87ad8c4c8f65020df4fef85f703fff7441f6acd.jpg","img_width":2732,"img_height":2049,"img_size":2076}],"count":8,"ctime":1519632463,"view":31717,"like":202},{"doc_id":1639669,"poster_uid":6823116,"title":"狐妖小红娘播放破2亿纪念壁纸","description":"分辨率提供_1920x1080、4000x2250","pictures":[{"img_src":"https://i0.hdslb.com/bfs/album/cc7212d6fd3a647427467b3471dc07d3c671f31e.jpg","img_width":1920,"img_height":1080,"img_size":1520},{"img_src":"https://i0.hdslb.com/bfs/album/45bd7e2be415029e8ef61eda4e18b48badab7f4f.jpg","img_width":4000,"img_height":2250,"img_size":4440}],"count":2,"ctime":1515393738,"view":45752,"like":155},{"doc_id":475855,"poster_uid":6823116,"title":"玛修·基列莱特-冠军纪念壁纸","description":"","pictures":[{"img_src":"https://i0.hdslb.com/bfs/drawyoo/9cd5f8e05fa4088d0ac9f836111d1876e2d245bb.jpg","img_width":1920,"img_height":1080,"img_size":370},{"img_src":"https://i0.hdslb.com/bfs/drawyoo/a0ec3dfea88fe82428337cede451418ff09f58fc.jpg","img_width":1920,"img_height":1080,"img_size":358},{"img_src":"https://i0.hdslb.com/bfs/drawyoo/0435fa18743702b3949fcdfe7d24461f817bfedb.jpg","img_width":1080,"img_height":1920,"img_size":358}],"count":3,"ctime":1506586530,"view":0,"like":29},{"doc_id":475955,"poster_uid":6823116,"title":"罗马尼·阿基曼-冠军纪念壁纸","description":"","pictures":[{"img_src":"https://i0.hdslb.com/bfs/drawyoo/6d5a9cb49c7b7de59a43eea0009606587ebd338a.jpg","img_width":1920,"img_height":1080,"img_size":465},{"img_src":"https://i0.hdslb.com/bfs/drawyoo/f1eff8f7e7efdcee1fd16272cab02d9ea88a0cc6.jpg","img_width":1920,"img_height":1080,"img_size":451},{"img_src":"https://i0.hdslb.com/bfs/drawyoo/b7a4408aee38d7cba1631e9581cd901af524a2b6.jpg","img_width":1080,"img_height":1920,"img_size":501}],"count":3,"ctime":1506586461,"view":12177,"like":10},{"doc_id":476055,"poster_uid":6823116,"title":"苏沐橙-冠军纪念壁纸","description":"","pictures":[{"img_src":"https://i0.hdslb.com/bfs/drawyoo/4dab85beb82ce0e41c3cc70b99c152c002f0deb7.jpg","img_width":1920,"img_height":1080,"img_size":565},{"img_src":"https://i0.hdslb.com/bfs/drawyoo/951a826b48f2e530cb59674affc80365c875db30.jpg","img_width":1920,"img_height":1080,"img_size":555},{"img_src":"https://i0.hdslb.com/bfs/drawyoo/8c1c94fbdb2223cf351036f03cbdf1274cb6613d.jpg","img_width":1080,"img_height":1920,"img_size":696}],"count":3,"ctime":1506586159,"view":16976,"like":17},{"doc_id":476056,"poster_uid":6823116,"title":"叶修-冠军纪念壁纸","description":"","pictures":[{"img_src":"https://i0.hdslb.com/bfs/drawyoo/68af9b346dbc37172bc1c1794a59638cee387133.jpg","img_width":1920,"img_height":1080,"img_size":525},{"img_src":"https://i0.hdslb.com/bfs/drawyoo/bd74f9e8143c9b11b0f4552e9277960e31838499.jpg","img_width":1920,"img_height":1080,"img_size":515},{"img_src":"https://i0.hdslb.com/bfs/drawyoo/6fc64898f8301d3aa7402bfaf8cdfe473254ab73.jpg","img_width":1080,"img_height":1920,"img_size":675}],"count":3,"ctime":1506585917,"view":20506,"like":42},{"doc_id":14709,"poster_uid":6823116,"title":"情人节壁纸","description":"","pictures":[{"img_src":"https://i0.hdslb.com/bfs/drawyoo/aa1520a5af2bd64ee4531fb212fb1e186d729212.png"}],"count":1,"ctime":1487214400,"view":23680,"like":82},{"doc_id":13296,"poster_uid":6823116,"title":"夜斗-冠军纪念壁纸","description":"","pictures":[{"img_src":"https://i0.hdslb.com/bfs/drawyoo/34b0845a6b9fdf68338027feb52b8107289afe8b.jpg"}],"count":1,"ctime":1487063614,"view":21119,"like":88},{"doc_id":13783,"poster_uid":6823116,"title":"日本动画场2233版冠军纪念","description":"","pictures":[{"img_src":"https://i0.hdslb.com/bfs/drawyoo/00f4308b66bf75f7b0b295d6d91f148952a54bdb.jpg"}],"count":1,"ctime":1487063610,"view":30991,"like":95},{"doc_id":13883,"poster_uid":6823116,"title":"雷姆-冠军纪念壁纸","description":"","pictures":[{"img_src":"https://i0.hdslb.com/bfs/drawyoo/5bdf9aaf38ef509ad2a97c306d480a404255bffc.jpg"}],"count":1,"ctime":1487063608,"view":46885,"like":286},{"doc_id":14249,"poster_uid":6823116,"title":"国产动画场冠军纪念壁纸","description":"","pictures":[{"img_src":"https://i0.hdslb.com/bfs/drawyoo/e7e624539006cfebad83fe4711ba03920cf4dbb3.jpg"}],"count":1,"ctime":1487063604,"view":18262,"like":80},{"doc_id":14154,"poster_uid":6823116,"title":"国产动画场2233版冠军纪念","description":"","pictures":[{"img_src":"https://i0.hdslb.com/bfs/drawyoo/0cd7fcc3532bd69da86052b03631b12862c4ec21.jpg"}],"count":1,"ctime":1487063592,"view":23089,"like":98},{"doc_id":16899,"poster_uid":6823116,"title":"2016元旦壁纸","description":"","pictures":[{"img_src":"https://i0.hdslb.com/bfs/drawyoo/2ad68c674e8cb0b0c25f809621f1337e298ebb2d.jpg"}],"count":1,"ctime":1484902418,"view":12962,"like":45},{"doc_id":18624,"poster_uid":6823116,"title":"初六壁纸","description":"","pictures":[{"img_src":"https://i0.hdslb.com/bfs/drawyoo/1eeda9fa919965de07ef94aeb25641c037d7fcba.jpg"}],"count":1,"ctime":1484901565,"view":10442,"like":36},{"doc_id":18718,"poster_uid":6823116,"title":"初五壁纸","description":"","pictures":[{"img_src":"https://i0.hdslb.com/bfs/drawyoo/07bd0b82df15fdbc59bc3685eee48434dd74b636.jpg"}],"count":1,"ctime":1484901548,"view":8453,"like":32},{"doc_id":18912,"poster_uid":6823116,"title":"初四壁纸","description":"","pictures":[{"img_src":"https://i0.hdslb.com/bfs/drawyoo/4517b307b95335203c15bc8aab7c8ac0d1742b5e.png"}],"count":1,"ctime":1484901530,"view":7122,"like":29},{"doc_id":18817,"poster_uid":6823116,"title":"初三壁纸","description":"","pictures":[{"img_src":"https://i0.hdslb.com/bfs/drawyoo/0879d09f6f6fa95b3c8f7fa70a668eea6070acf6.jpg"}],"count":1,"ctime":1484901513,"view":6777,"like":28},{"doc_id":17196,"poster_uid":6823116,"title":"初二壁纸","description":"","pictures":[{"img_src":"https://i0.hdslb.com/bfs/drawyoo/a93bb1e86f9759fdcfd6e4dccd9c6a7ee9ce5d7e.jpg"}],"count":1,"ctime":1484901498,"view":6057,"like":23},{"doc_id":19006,"poster_uid":6823116,"title":"新年壁纸","description":"","pictures":[{"img_src":"https://i0.hdslb.com/bfs/drawyoo/706343ea598fe752be458a71ce282e4e7e2e14a0.png"}],"count":1,"ctime":1484901478,"view":7264,"like":25},{"doc_id":17764,"poster_uid":6823116,"title":"2016除夕壁纸","description":"","pictures":[{"img_src":"https://i0.hdslb.com/bfs/drawyoo/c5ea4383bf6b4bdb6de832f6d8410ab333289ded.jpg"}],"count":1,"ctime":1484901224,"view":7945,"like":29},{"doc_id":17952,"poster_uid":6823116,"title":"2016除夕壁纸","description":"","pictures":[{"img_src":"https://i0.hdslb.com/bfs/drawyoo/f7b106bf90bec70e292583bd7e8e63545176be31.jpg"}],"count":1,"ctime":1484901203,"view":7203,"like":24},{"doc_id":18051,"poster_uid":6823116,"title":"2016拜年祭壁纸","description":"","pictures":[{"img_src":"https://i0.hdslb.com/bfs/drawyoo/176629cf8d1a51041828fdd87abd58a514b52606.jpg"}],"count":1,"ctime":1484901182,"view":7266,"like":27},{"doc_id":19201,"poster_uid":6823116,"title":"天蝎座壁纸","description":"","pictures":[{"img_src":"https://i0.hdslb.com/bfs/drawyoo/6714ed5ea4795e463aaae15bfe79a8950763141f.jpg"}],"count":1,"ctime":1484900900,"view":8662,"like":35},{"doc_id":18432,"poster_uid":6823116,"title":"天秤座壁纸","description":"","pictures":[{"img_src":"https://i0.hdslb.com/bfs/drawyoo/382410ba9fc39f50802832fd2be627b544a705c7.jpg"}],"count":1,"ctime":1484900884,"view":7215,"like":35}]}}
downloading image: 2018新年闪屏壁纸_初六.jpg ...
downloading succeed
downloading image: 2018新年闪屏壁纸_初五.jpg ...
downloading succeed
downloading image: 2018新年闪屏壁纸_初四.jpg ...
downloading succeed
downloading image: 2018新年闪屏壁纸_初三.jpg ...
downloading succeed
downloading image: 2018新年闪屏壁纸_初二.jpg ...
downloading succeed
downloading image: 2018新年闪屏壁纸_初一.jpg ...
downloading succeed
downloading image: 2017新年闪屏.jpg ...
downloading succeed
downloading image: 2017新年闪屏1.jpg ...
downloading succeed
downloading image: 2017新年闪屏2.jpg ...
downloading succeed
downloading image: 2017新年闪屏3.jpg ...
downloading succeed
downloading image: 2017新年闪屏4.jpg ...
downloading succeed
downloading image: 2017新年闪屏5.jpg ...
downloading succeed
downloading image: 2017新年闪屏6.jpg ...
downloading succeed
downloading image: 2017新年闪屏7.jpg ...
downloading succeed
downloading image: 狐妖小红娘播放破2亿纪念壁纸.jpg ...
downloading succeed
downloading image: 狐妖小红娘播放破2亿纪念壁纸1.jpg ...
downloading succeed
downloading image: 玛修·基列莱特-冠军纪念壁纸.jpg ...
downloading succeed
downloading image: 玛修·基列莱特-冠军纪念壁纸1.jpg ...
downloading succeed
downloading image: 玛修·基列莱特-冠军纪念壁纸2.jpg ...
downloading succeed
downloading image: 罗马尼·阿基曼-冠军纪念壁纸.jpg ...
downloading succeed
downloading image: 罗马尼·阿基曼-冠军纪念壁纸1.jpg ...
downloading succeed
downloading image: 罗马尼·阿基曼-冠军纪念壁纸2.jpg ...
downloading succeed
downloading image: 苏沐橙-冠军纪念壁纸.jpg ...
downloading succeed
downloading image: 苏沐橙-冠军纪念壁纸1.jpg ...
downloading succeed
downloading image: 苏沐橙-冠军纪念壁纸2.jpg ...
downloading succeed
downloading image: 叶修-冠军纪念壁纸.jpg ...
downloading succeed
downloading image: 叶修-冠军纪念壁纸1.jpg ...
downloading succeed
downloading image: 叶修-冠军纪念壁纸2.jpg ...
downloading succeed
downloading image: 情人节壁纸.png ...
downloading succeed
downloading image: 夜斗-冠军纪念壁纸.jpg ...
downloading succeed
downloading image: 日本动画场2233版冠军纪念.jpg ...
downloading succeed
downloading image: 雷姆-冠军纪念壁纸.jpg ...
downloading succeed
downloading image: 国产动画场冠军纪念壁纸.jpg ...
downloading succeed
downloading image: 国产动画场2233版冠军纪念.jpg ...
downloading succeed
downloading image: 2016元旦壁纸.jpg ...
downloading succeed
downloading image: 初六壁纸.jpg ...
downloading succeed
downloading image: 初五壁纸.jpg ...
downloading succeed
downloading image: 初四壁纸.png ...
downloading succeed
downloading image: 初三壁纸.jpg ...
downloading succeed
downloading image: 初二壁纸.jpg ...
downloading succeed
downloading image: 新年壁纸.png ...
downloading succeed
downloading image: 2016除夕壁纸.jpg ...
downloading succeed
downloading image: 2016除夕壁纸.jpg ...
downloading succeed
downloading image: 2016拜年祭壁纸.jpg ...
downloading succeed
downloading image: 天蝎座壁纸.jpg ...
downloading succeed
downloading image: 天秤座壁纸.jpg ...
downloading succeed

=======================================================-===================

processing: https://api.vc.bilibili.com/link_draw/v1/doc/doc_list?uid=6823116&page_num=3&page_size=30&biz=all
{"code":0,"msg":"success","message":"success","data":{"items":[{"doc_id":19301,"poster_uid":6823116,"title":"BDF壁纸","description":"","pictures":[{"img_src":"https://i0.hdslb.com/bfs/drawyoo/ec6ec194d838e60aeff8332a21ce3845c20f9dba.png"}],"count":1,"ctime":1484899639,"view":5578,"like":34},{"doc_id":19106,"poster_uid":6823116,"title":"2233夏季壁纸","description":"","pictures":[{"img_src":"https://i0.hdslb.com/bfs/drawyoo/ede421477db555cee1513f9bc98b19b2e4295e57.jpg"}],"count":1,"ctime":1484899498,"view":9921,"like":40},{"doc_id":17591,"poster_uid":6823116,"title":"2233开学壁纸","description":"","pictures":[{"img_src":"https://i0.hdslb.com/bfs/drawyoo/5dfd0a404e0653ee1164ff14a1385547890cdbe1.jpg"}],"count":1,"ctime":1484899133,"view":6517,"like":47},{"doc_id":18720,"poster_uid":6823116,"title":"626壁纸","description":"","pictures":[{"img_src":"https://i0.hdslb.com/bfs/drawyoo/75ec07667104166b15f17aebf2b428c33eb2ff8f.jpg"}],"count":1,"ctime":1484899088,"view":3018,"like":22},{"doc_id":19112,"poster_uid":6823116,"title":"万圣节壁纸","description":"万圣节壁纸","pictures":[{"img_src":"https://i0.hdslb.com/bfs/drawyoo/4c8d05709efe05721d495abbc6d46b123cecbde1.jpg"}],"count":1,"ctime":1484799349,"view":3175,"like":23},{"doc_id":17869,"poster_uid":6823116,"title":"2233娘生日壁纸","description":"2233娘生日壁纸","pictures":[{"img_src":"https://i0.hdslb.com/bfs/drawyoo/8a40445eb1d9417fe5d66bf814e7169979f3ff01.jpg"}],"count":1,"ctime":1484797039,"view":9542,"like":52},{"doc_id":539199,"poster_uid":6823116,"title":"玛利亚-祭司","description":"","pictures":[{"img_src":"https://i0.hdslb.com/bfs/drawyoo/2dd9393080c6271cd1754f269ac10a89dac508d0.jpg","img_width":1920,"img_height":1080,"img_size":687}],"count":1,"ctime":1455603902,"view":0,"like":1},{"doc_id":539332,"poster_uid":6823116,"title":"明日香-法师","description":"","pictures":[{"img_src":"https://i0.hdslb.com/bfs/drawyoo/6ec6e9dd06bdd889bdca86827400cb7a9cc8f7cd.jpg","img_width":1920,"img_height":1080,"img_size":677}],"count":1,"ctime":1455603878,"view":1718,"like":0},{"doc_id":539262,"poster_uid":6823116,"title":"达达尼昂-猎人","description":"","pictures":[{"img_src":"https://i0.hdslb.com/bfs/drawyoo/a33cf4b5391c8de651022e699357ba63ce1e2312.jpg","img_width":1920,"img_height":1080,"img_size":662}],"count":1,"ctime":1455603846,"view":1322,"like":0},{"doc_id":539200,"poster_uid":6823116,"title":"溪谷莉娜-弓手","description":"","pictures":[{"img_src":"https://i0.hdslb.com/bfs/drawyoo/bb14374a1cbd11bede709cfa0641cf7a5f5fb3b6.jpg","img_width":1920,"img_height":1080,"img_size":556}],"count":1,"ctime":1455603821,"view":1128,"like":1},{"doc_id":539333,"poster_uid":6823116,"title":"罗兰-骑士","description":"","pictures":[{"img_src":"https://i0.hdslb.com/bfs/drawyoo/1afb9fadc724a1539cc8a939ab970e291876dcf2.jpg","img_width":1920,"img_height":1080,"img_size":651}],"count":1,"ctime":1455603788,"view":1008,"like":0},{"doc_id":539401,"poster_uid":6823116,"title":"1.罗什福尔-剑士","description":"","pictures":[{"img_src":"https://i0.hdslb.com/bfs/drawyoo/1ed77fbb35da732bf277ebf67d77ca191b4ee091.jpg","img_width":1920,"img_height":1080,"img_size":623}],"count":1,"ctime":1455603653,"view":822,"like":1},{"doc_id":554003,"poster_uid":6823116,"title":"崩坏学园","description":"","pictures":[{"img_src":"https://i0.hdslb.com/bfs/drawyoo/88bd33f4d882ea8dfd2f669bc54fd6f57cdbfaa8.jpg","img_width":1920,"img_height":1080,"img_size":519}],"count":1,"ctime":1446791505,"view":7046,"like":10},{"doc_id":553778,"poster_uid":6823116,"title":"崩坏学园","description":"","pictures":[{"img_src":"https://i0.hdslb.com/bfs/drawyoo/68d1385c5fce1d5b89810841e0331b6a2d267154.jpg","img_width":1920,"img_height":1080,"img_size":482}],"count":1,"ctime":1446791487,"view":7637,"like":11},{"doc_id":553955,"poster_uid":6823116,"title":"崩坏学园","description":"","pictures":[{"img_src":"https://i0.hdslb.com/bfs/drawyoo/02cbe16f3fd834a783d567d8421889616eb4afc2.jpg","img_width":1920,"img_height":1080,"img_size":643}],"count":1,"ctime":1446791472,"view":5911,"like":15},{"doc_id":553779,"poster_uid":6823116,"title":"崩坏学园","description":"","pictures":[{"img_src":"https://i0.hdslb.com/bfs/drawyoo/27c8bffb2ad8257a0125c328da64844cad71250d.jpg","img_width":1920,"img_height":1080,"img_size":746}],"count":1,"ctime":1446791386,"view":4417,"like":6},{"doc_id":553956,"poster_uid":6823116,"title":"崩坏学园","description":"","pictures":[{"img_src":"https://i0.hdslb.com/bfs/drawyoo/71c32ae66719b070ef7b565cc7e3c6237915e385.jpg","img_width":1920,"img_height":1080,"img_size":567}],"count":1,"ctime":1446791371,"view":6329,"like":8},{"doc_id":554005,"poster_uid":6823116,"title":"崩坏学园","description":"","pictures":[{"img_src":"https://i0.hdslb.com/bfs/drawyoo/08a8f9111655a8a0c2f1dd05ea4f5291692fb08c.jpg","img_width":1920,"img_height":1080,"img_size":589}],"count":1,"ctime":1446791351,"view":5461,"like":14},{"doc_id":553780,"poster_uid":6823116,"title":"崩坏学园","description":"","pictures":[{"img_src":"https://i0.hdslb.com/bfs/drawyoo/9e9287e1e69f8489cbb9031afb090e1bc893311e.jpg","img_width":1920,"img_height":1080,"img_size":562}],"count":1,"ctime":1446791332,"view":7704,"like":11},{"doc_id":553957,"poster_uid":6823116,"title":"崩坏学园","description":"","pictures":[{"img_src":"https://i0.hdslb.com/bfs/drawyoo/f634090d15fc41d05aea9f1afa59711fd26c4835.jpg","img_width":1920,"img_height":1080,"img_size":391}],"count":1,"ctime":1446791307,"view":6064,"like":7},{"doc_id":562371,"poster_uid":6823116,"title":"小熊料理","description":"","pictures":[{"img_src":"https://i0.hdslb.com/bfs/drawyoo/a8f7b1befa1edd6e21f25d0531dd07483930e55d.jpg","img_width":1920,"img_height":1200,"img_size":228}],"count":1,"ctime":1439988072,"view":607,"like":1},{"doc_id":562550,"poster_uid":6823116,"title":"小熊料理","description":"","pictures":[{"img_src":"https://i0.hdslb.com/bfs/drawyoo/1680c58f975423adb5cf2c011b8dc92529643f6e.jpg","img_width":1920,"img_height":1200,"img_size":198}],"count":1,"ctime":1439988062,"view":369,"like":0},{"doc_id":562458,"poster_uid":6823116,"title":"小熊料理","description":"","pictures":[{"img_src":"https://i0.hdslb.com/bfs/drawyoo/b02461053923d2ac8ddf1eda58b5dea89da153cf.jpg","img_width":1920,"img_height":1200,"img_size":240}],"count":1,"ctime":1439988048,"view":459,"like":0},{"doc_id":562372,"poster_uid":6823116,"title":"小熊料理","description":"","pictures":[{"img_src":"https://i0.hdslb.com/bfs/drawyoo/29c9ab53fcf7e30b51bab51b5a77ea11d65d92fc.jpg","img_width":1920,"img_height":1200,"img_size":238}],"count":1,"ctime":1439988031,"view":1227,"like":0},{"doc_id":562551,"poster_uid":6823116,"title":"小熊料理","description":"","pictures":[{"img_src":"https://i0.hdslb.com/bfs/drawyoo/4ebd454ebc70356ac263ae2ca6f74e04eed19130.jpg","img_width":1920,"img_height":1200,"img_size":277}],"count":1,"ctime":1439988018,"view":427,"like":0},{"doc_id":562459,"poster_uid":6823116,"title":"小熊料理","description":"","pictures":[{"img_src":"https://i0.hdslb.com/bfs/drawyoo/4d8d61ea0ed492a66051540908e3d6c64fd6960f.jpg","img_width":1920,"img_height":1200,"img_size":259}],"count":1,"ctime":1439988005,"view":403,"like":0},{"doc_id":562552,"poster_uid":6823116,"title":"小熊料理","description":"","pictures":[{"img_src":"https://i0.hdslb.com/bfs/drawyoo/c8cadf973bdb131f4adc784676c62e59d3d74aa7.jpg","img_width":1920,"img_height":1200,"img_size":210}],"count":1,"ctime":1439987984,"view":436,"like":0},{"doc_id":562460,"poster_uid":6823116,"title":"小熊料理","description":"","pictures":[{"img_src":"https://i0.hdslb.com/bfs/drawyoo/6a185bde67b42f988ea032d80cec9d7a8d62237e.jpg","img_width":1920,"img_height":1200,"img_size":308}],"count":1,"ctime":1439987974,"view":498,"like":0},{"doc_id":562374,"poster_uid":6823116,"title":"小熊料理","description":"","pictures":[{"img_src":"https://i0.hdslb.com/bfs/drawyoo/0b187112a75210c2c93d524cd7b048823c7a3972.jpg","img_width":1920,"img_height":1200,"img_size":287}],"count":1,"ctime":1439987959,"view":368,"like":0},{"doc_id":562553,"poster_uid":6823116,"title":"小熊料理","description":"","pictures":[{"img_src":"https://i0.hdslb.com/bfs/drawyoo/9bd23b55f2c39f252b71e549804449fdc2508889.jpg","img_width":1920,"img_height":1200,"img_size":257}],"count":1,"ctime":1439987940,"view":516,"like":0}]}}
downloading image: BDF壁纸.png ...
downloading succeed
downloading image: 2233夏季壁纸.jpg ...
downloading succeed
downloading image: 2233开学壁纸.jpg ...
downloading succeed
downloading image: 626壁纸.jpg ...
downloading succeed
downloading image: 万圣节壁纸.jpg ...
downloading succeed
downloading image: 2233娘生日壁纸.jpg ...
downloading succeed
downloading image: 玛利亚-祭司.jpg ...
downloading succeed
downloading image: 明日香-法师.jpg ...
downloading succeed
downloading image: 达达尼昂-猎人.jpg ...
downloading succeed
downloading image: 溪谷莉娜-弓手.jpg ...
downloading succeed
downloading image: 罗兰-骑士.jpg ...
downloading succeed
downloading image: 1.罗什福尔-剑士.jpg ...
downloading succeed
downloading image: 崩坏学园.jpg ...
downloading succeed
downloading image: 崩坏学园.jpg ...
downloading succeed
downloading image: 崩坏学园.jpg ...
downloading succeed
downloading image: 崩坏学园.jpg ...
downloading succeed
downloading image: 崩坏学园.jpg ...
downloading succeed
downloading image: 崩坏学园.jpg ...
downloading succeed
downloading image: 崩坏学园.jpg ...
downloading succeed
downloading image: 崩坏学园.jpg ...
downloading succeed
downloading image: 小熊料理.jpg ...
downloading succeed
downloading image: 小熊料理.jpg ...
downloading succeed
downloading image: 小熊料理.jpg ...
downloading succeed
downloading image: 小熊料理.jpg ...
downloading succeed
downloading image: 小熊料理.jpg ...
downloading succeed
downloading image: 小熊料理.jpg ...
downloading succeed
downloading image: 小熊料理.jpg ...
downloading succeed
downloading image: 小熊料理.jpg ...
downloading succeed
downloading image: 小熊料理.jpg ...
downloading succeed
downloading image: 小熊料理.jpg ...
downloading succeed

=======================================================-===================

processing: https://api.vc.bilibili.com/link_draw/v1/doc/doc_list?uid=6823116&page_num=4&page_size=30&biz=all
{"code":0,"msg":"success","message":"success","data":{"items":[{"doc_id":562461,"poster_uid":6823116,"title":"小熊料理","description":"","pictures":[{"img_src":"https://i0.hdslb.com/bfs/drawyoo/0a8fc8fb23db39dcb78d087c5a707686e10e904f.jpg","img_width":1920,"img_height":1200,"img_size":187}],"count":1,"ctime":1439987930,"view":338,"like":0},{"doc_id":562375,"poster_uid":6823116,"title":"小熊料理","description":"","pictures":[{"img_src":"https://i0.hdslb.com/bfs/drawyoo/00fb70adbfbcf66f5a4c90ee53a9fa2d93e7bae5.jpg","img_width":1920,"img_height":1200,"img_size":258}],"count":1,"ctime":1439987917,"view":0,"like":0},{"doc_id":562554,"poster_uid":6823116,"title":"小熊料理","description":"","pictures":[{"img_src":"https://i0.hdslb.com/bfs/drawyoo/93aad55f94019a51baf22e5e19bc02b13c6301b6.jpg","img_width":1920,"img_height":1200,"img_size":301}],"count":1,"ctime":1439987823,"view":308,"like":0},{"doc_id":562462,"poster_uid":6823116,"title":"小熊料理","description":"","pictures":[{"img_src":"https://i0.hdslb.com/bfs/drawyoo/7f3c3b74ca1ffd2b3d378221b5cd75fcf334e111.jpg","img_width":1920,"img_height":1200,"img_size":273}],"count":1,"ctime":1439987799,"view":359,"like":0},{"doc_id":562463,"poster_uid":6823116,"title":"小熊料理","description":"","pictures":[{"img_src":"https://i0.hdslb.com/bfs/drawyoo/5775a6e458234095bda7fd69b898fb9c2655e5dd.jpg","img_width":1920,"img_height":1200,"img_size":278}],"count":1,"ctime":1439987693,"view":383,"like":0},{"doc_id":562377,"poster_uid":6823116,"title":"小熊料理","description":"","pictures":[{"img_src":"https://i0.hdslb.com/bfs/drawyoo/b48b204cc3a99cdb31787aa1f8adbdf1cca2b776.jpg","img_width":1600,"img_height":1200,"img_size":188},{"img_src":"https://i0.hdslb.com/bfs/drawyoo/d428a0ec84b0d1f998609ebcabe466f108cf8ae0.jpg","img_width":1920,"img_height":1200,"img_size":182}],"count":2,"ctime":1439987654,"view":558,"like":1},{"doc_id":562556,"poster_uid":6823116,"title":"小熊料理","description":"","pictures":[{"img_src":"https://i0.hdslb.com/bfs/drawyoo/6c1d4d2cdc832496972c148c7154a29429f1ea75.jpg","img_width":1600,"img_height":1200,"img_size":448},{"img_src":"https://i0.hdslb.com/bfs/drawyoo/b4ea8ff7c74d3d4376b67148f891f94f45d65956.jpg","img_width":1920,"img_height":1200,"img_size":454}],"count":2,"ctime":1439987635,"view":427,"like":0},{"doc_id":562464,"poster_uid":6823116,"title":"小熊料理","description":"","pictures":[{"img_src":"https://i0.hdslb.com/bfs/drawyoo/4ba84d05c4a6d8596191e3b5b995f25bb15604a3.jpg","img_width":1600,"img_height":1200,"img_size":505},{"img_src":"https://i0.hdslb.com/bfs/drawyoo/ddfa0579ce13ccd8d59ae519663ed7ff2b9401d6.jpg","img_width":1920,"img_height":1200,"img_size":501}],"count":2,"ctime":1439987619,"view":234,"like":0},{"doc_id":562378,"poster_uid":6823116,"title":"小熊料理","description":"","pictures":[{"img_src":"https://i0.hdslb.com/bfs/drawyoo/1b655e750b9f94218e09ca68b1ea96e6754e8f37.jpg","img_width":1600,"img_height":1200,"img_size":496},{"img_src":"https://i0.hdslb.com/bfs/drawyoo/03bfa4fbf7ac73a7fffb0158587dcd470e9f642a.jpg","img_width":1920,"img_height":1200,"img_size":519}],"count":2,"ctime":1439987600,"view":906,"like":0},{"doc_id":562557,"poster_uid":6823116,"title":"小熊料理","description":"","pictures":[{"img_src":"https://i0.hdslb.com/bfs/drawyoo/c3501f4b98061e01a995fa80c05bd53a86e05f9a.jpg","img_width":1600,"img_height":1200,"img_size":435},{"img_src":"https://i0.hdslb.com/bfs/drawyoo/e530ebe6c11582c8fa97fda4a8d3d9471b286935.jpg","img_width":1920,"img_height":1200,"img_size":456}],"count":2,"ctime":1439987585,"view":498,"like":0},{"doc_id":562465,"poster_uid":6823116,"title":"小熊料理","description":"","pictures":[{"img_src":"https://i0.hdslb.com/bfs/drawyoo/c199aad136797ea96051b65fee2c8ea516ceb9f1.jpg","img_width":1600,"img_height":1200,"img_size":423},{"img_src":"https://i0.hdslb.com/bfs/drawyoo/104d9026a22b259b1b375f75e4c8854c62d5fbc8.jpg","img_width":1920,"img_height":1200,"img_size":439}],"count":2,"ctime":1439987555,"view":343,"like":0},{"doc_id":562379,"poster_uid":6823116,"title":"小熊料理","description":"","pictures":[{"img_src":"https://i0.hdslb.com/bfs/drawyoo/091703d057853dcc1ca573ff9154e50616159064.jpg","img_width":1600,"img_height":1200,"img_size":532},{"img_src":"https://i0.hdslb.com/bfs/drawyoo/dfb7d6df44b73c7e83876063c3c8fa1ab03eb132.jpg","img_width":1920,"img_height":1200,"img_size":538}],"count":2,"ctime":1439987538,"view":366,"like":0},{"doc_id":562558,"poster_uid":6823116,"title":"小熊料理","description":"","pictures":[{"img_src":"https://i0.hdslb.com/bfs/drawyoo/564eeedb117fa647ea112241d40b73c600dd8b0b.jpg","img_width":1600,"img_height":1200,"img_size":403},{"img_src":"https://i0.hdslb.com/bfs/drawyoo/492ef2416548721a97105bb6cbe3aaf805804e75.jpg","img_width":1920,"img_height":1200,"img_size":424}],"count":2,"ctime":1439987514,"view":245,"like":0},{"doc_id":562466,"poster_uid":6823116,"title":"小熊料理","description":"","pictures":[{"img_src":"https://i0.hdslb.com/bfs/drawyoo/987f4a19c104d3f1b7c6858b3e52cd1388e8a2e3.jpg","img_width":1600,"img_height":1200,"img_size":456},{"img_src":"https://i0.hdslb.com/bfs/drawyoo/3b8b41f08a11a1bf00cd1e7cc20a10b62be8f1f7.jpg","img_width":1920,"img_height":1200,"img_size":470}],"count":2,"ctime":1439987489,"view":332,"like":0},{"doc_id":562380,"poster_uid":6823116,"title":"小熊料理","description":"","pictures":[{"img_src":"https://i0.hdslb.com/bfs/drawyoo/9ec31aa198d67eb61595e4e970e3ce56145c8e71.jpg","img_width":1600,"img_height":1200,"img_size":431},{"img_src":"https://i0.hdslb.com/bfs/drawyoo/e7e9a976450cace877068a7583c29d1a06cc7a7f.jpg","img_width":1920,"img_height":1200,"img_size":450}],"count":2,"ctime":1439987471,"view":524,"like":0},{"doc_id":562559,"poster_uid":6823116,"title":"小熊料理","description":"","pictures":[{"img_src":"https://i0.hdslb.com/bfs/drawyoo/c04096fca2e3961adf344f0132352bc9ae347684.jpg","img_width":1600,"img_height":1200,"img_size":414},{"img_src":"https://i0.hdslb.com/bfs/drawyoo/b70d41af4f1ccc11769bd52ecf586aeec44ae371.jpg","img_width":1920,"img_height":1200,"img_size":421}],"count":2,"ctime":1439987456,"view":348,"like":0},{"doc_id":562467,"poster_uid":6823116,"title":"小熊料理","description":"","pictures":[{"img_src":"https://i0.hdslb.com/bfs/drawyoo/81c5f33d212004968e23dcd47d1f7ce658e89e4c.jpg","img_width":1600,"img_height":1200,"img_size":538},{"img_src":"https://i0.hdslb.com/bfs/drawyoo/84768063c11f80d3d75e3732bc25bb630608932a.jpg","img_width":1920,"img_height":1200,"img_size":560}],"count":2,"ctime":1439987437,"view":480,"like":0},{"doc_id":562381,"poster_uid":6823116,"title":"小熊料理","description":"","pictures":[{"img_src":"https://i0.hdslb.com/bfs/drawyoo/7d12439972965941c24bc52d9d86551bf7989603.jpg","img_width":1600,"img_height":1200,"img_size":483},{"img_src":"https://i0.hdslb.com/bfs/drawyoo/01e305a200f589fb9c290b14d5dbf0190f1e7281.jpg","img_width":1920,"img_height":1200,"img_size":505}],"count":2,"ctime":1439987416,"view":424,"like":0},{"doc_id":562560,"poster_uid":6823116,"title":"小熊料理","description":"","pictures":[{"img_src":"https://i0.hdslb.com/bfs/drawyoo/9db212f9307a6ad46524b11f6c987526871a38f6.jpg","img_width":1600,"img_height":1200,"img_size":433},{"img_src":"https://i0.hdslb.com/bfs/drawyoo/9c6dac5c25b4203d5237dc824c1c76fb17543be9.jpg","img_width":1920,"img_height":1200,"img_size":454}],"count":2,"ctime":1439987396,"view":514,"like":0},{"doc_id":562468,"poster_uid":6823116,"title":"小熊料理","description":"","pictures":[{"img_src":"https://i0.hdslb.com/bfs/drawyoo/1518a2c739f808454c88e1e797028f62ff2c39c5.jpg","img_width":1600,"img_height":1200,"img_size":534},{"img_src":"https://i0.hdslb.com/bfs/drawyoo/bea989ff1e370701134d650dd8fa17f894b47b89.jpg","img_width":1920,"img_height":1200,"img_size":564}],"count":2,"ctime":1439987379,"view":279,"like":0},{"doc_id":562382,"poster_uid":6823116,"title":"小熊料理","description":"","pictures":[{"img_src":"https://i0.hdslb.com/bfs/drawyoo/5ad849e64bfb361981f6ef7b587b40b850c0da36.jpg","img_width":1600,"img_height":1200,"img_size":470},{"img_src":"https://i0.hdslb.com/bfs/drawyoo/9af6c78b6bd316e0e20e82076620071c61ac716b.jpg","img_width":1920,"img_height":1200,"img_size":482}],"count":2,"ctime":1439987361,"view":456,"like":0},{"doc_id":565233,"poster_uid":6823116,"title":"bilibili壁纸","description":"","pictures":[{"img_src":"https://i0.hdslb.com/bfs/drawyoo/eca98bd04dd2fff30c09e40129baf293e1a5dd8a.png","img_width":1366,"img_height":768,"img_size":3151},{"img_src":"https://i0.hdslb.com/bfs/drawyoo/35b27463e4ca7c88bb7b6c7990f95ef3ed35bd7e.png","img_width":1920,"img_height":1080,"img_size":6225}],"count":2,"ctime":1438335912,"view":5731,"like":9},{"doc_id":568261,"poster_uid":6823116,"title":"bilibili壁纸","description":"","pictures":[{"img_src":"https://i0.hdslb.com/bfs/drawyoo/acc80c88b613b3fc7892c13a5c2f1c0fdf3d1e66.png","img_width":1920,"img_height":1080,"img_size":1600},{"img_src":"https://i0.hdslb.com/bfs/drawyoo/87b31522b84538e3779a4797fbb452e900107b9c.png","img_width":1366,"img_height":768,"img_size":927}],"count":2,"ctime":1436439444,"view":8967,"like":11},{"doc_id":568162,"poster_uid":6823116,"title":"bilibili壁纸","description":"","pictures":[{"img_src":"https://i0.hdslb.com/bfs/drawyoo/829b0fcddda2b17afd06ac67edd7ac6af1510a3d.png","img_width":1920,"img_height":1080,"img_size":6225},{"img_src":"https://i0.hdslb.com/bfs/drawyoo/5db391c11fbd4ff2b8541dc4c4b8db637c257893.png","img_width":1366,"img_height":768,"img_size":3151}],"count":2,"ctime":1436439388,"view":2998,"like":2},{"doc_id":568434,"poster_uid":6823116,"title":"bilibili壁纸","description":"","pictures":[{"img_src":"https://i0.hdslb.com/bfs/drawyoo/d5c33688377a6f3f4a91ef2a596175940debef37.png","img_width":1920,"img_height":1080,"img_size":6225},{"img_src":"https://i0.hdslb.com/bfs/drawyoo/04a2bbd3694f5fa54e5b881622e7c8e53c727e6f.png","img_width":1366,"img_height":768,"img_size":3151}],"count":2,"ctime":1436439372,"view":6296,"like":4},{"doc_id":568262,"poster_uid":6823116,"title":"bilibili壁纸","description":"","pictures":[{"img_src":"https://i0.hdslb.com/bfs/drawyoo/47da95a4f4cc20725012e2e9d87b4980160dabbc.png","img_width":1366,"img_height":768,"img_size":762},{"img_src":"https://i0.hdslb.com/bfs/drawyoo/d74ec6571c2447151731a5b8be5ebd933fa93abb.png","img_width":1920,"img_height":1080,"img_size":1335}],"count":2,"ctime":1436439358,"view":3836,"like":4},{"doc_id":568163,"poster_uid":6823116,"title":"bilibili壁纸","description":"","pictures":[{"img_src":"https://i0.hdslb.com/bfs/drawyoo/a204431de646b59891bf74e13167ad65ae6d9a50.png","img_width":1366,"img_height":768,"img_size":700},{"img_src":"https://i0.hdslb.com/bfs/drawyoo/2cd37907c730fe77d4a162554855275c23504424.png","img_width":1920,"img_height":1080,"img_size":1202}],"count":2,"ctime":1436439253,"view":6146,"like":12},{"doc_id":568435,"poster_uid":6823116,"title":"bilibili壁纸","description":"","pictures":[{"img_src":"https://i0.hdslb.com/bfs/drawyoo/460650e454e8ab3fa1f04bc4e661f798ffe67d83.png","img_width":1366,"img_height":768,"img_size":1055},{"img_src":"https://i0.hdslb.com/bfs/drawyoo/484b90bde94d01cd59f3c49ce503d50a448bbbdc.png","img_width":1920,"img_height":1080,"img_size":1981}],"count":2,"ctime":1436439204,"view":8352,"like":15},{"doc_id":569939,"poster_uid":6823116,"title":"悠悠世界树","description":"","pictures":[{"img_src":"https://i0.hdslb.com/bfs/drawyoo/248b4436df0f5b4c737a99ec3fc5c7eaf92384ee.jpg","img_width":1027,"img_height":768,"img_size":786},{"img_src":"https://i0.hdslb.com/bfs/drawyoo/faf501da46ff577a707db14b5bbb184628594e22.jpg","img_width":1280,"img_height":800,"img_size":880},{"img_src":"https://i0.hdslb.com/bfs/drawyoo/fd7555a8a3d6a449f659d665c58f4db481098801.jpg","img_width":1366,"img_height":768,"img_size":909},{"img_src":"https://i0.hdslb.com/bfs/drawyoo/d2468e375f2a4a34611d4f04c3dd88cef8dda73d.jpg","img_width":1440,"img_height":900,"img_size":1113},{"img_src":"https://i0.hdslb.com/bfs/drawyoo/56535a9818aaa57cc27de022b259944a180a5093.jpg","img_width":1600,"img_height":1200,"img_size":1119},{"img_src":"https://i0.hdslb.com/bfs/drawyoo/41970f884eb5a7b82432a211653ba9069079162b.jpg","img_width":1920,"img_height":1080,"img_size":1069},{"img_src":"https://i0.hdslb.com/bfs/drawyoo/7a838677c78044ad666515db1672f2bc301941ee.jpg","img_width":2560,"img_height":1920,"img_size":1418}],"count":7,"ctime":1435211107,"view":855,"like":0},{"doc_id":569883,"poster_uid":6823116,"title":"悠悠世界树","description":"","pictures":[{"img_src":"https://i0.hdslb.com/bfs/drawyoo/9254a39f5fa19b72cf399ed488f7081f01936234.jpg","img_width":1027,"img_height":768,"img_size":730},{"img_src":"https://i0.hdslb.com/bfs/drawyoo/1d379ab5517ea8da3ca42b297cd9add2845fc5ae.jpg","img_width":1280,"img_height":800,"img_size":887},{"img_src":"https://i0.hdslb.com/bfs/drawyoo/0cfd570d6837685625963b675229a8a0eeae6d04.jpg","img_width":1366,"img_height":768,"img_size":900},{"img_src":"https://i0.hdslb.com/bfs/drawyoo/bbbb0a54844c38e32e8f57e9e1662265855aa39c.jpg","img_width":1440,"img_height":900,"img_size":1003},{"img_src":"https://i0.hdslb.com/bfs/drawyoo/e4dd0768731f1e0733e5a8e158d2849379cd7fd5.jpg","img_width":1600,"img_height":1200,"img_size":923},{"img_src":"https://i0.hdslb.com/bfs/drawyoo/6b10258a7a85c4947fe96553a8e65869a49fe9d5.jpg","img_width":1920,"img_height":1080,"img_size":1002},{"img_src":"https://i0.hdslb.com/bfs/drawyoo/6e4bcb866e77da6ea53c5bc4fbf3dd064a563ffe.jpg","img_width":2560,"img_height":1920,"img_size":1045}],"count":7,"ctime":1435211084,"view":523,"like":0}]}}
downloading image: 小熊料理.jpg ...
downloading succeed
downloading image: 小熊料理.jpg ...
downloading succeed
downloading image: 小熊料理.jpg ...
downloading succeed
downloading image: 小熊料理.jpg ...
downloading succeed
downloading image: 小熊料理.jpg ...
downloading succeed
downloading image: 小熊料理.jpg ...
downloading succeed
downloading image: 小熊料理1.jpg ...
downloading succeed
downloading image: 小熊料理.jpg ...
downloading succeed
downloading image: 小熊料理1.jpg ...
downloading succeed
downloading image: 小熊料理.jpg ...
downloading succeed
downloading image: 小熊料理1.jpg ...
downloading succeed
downloading image: 小熊料理.jpg ...
downloading succeed
downloading image: 小熊料理1.jpg ...
downloading succeed
downloading image: 小熊料理.jpg ...
downloading succeed
downloading image: 小熊料理1.jpg ...
downloading succeed
downloading image: 小熊料理.jpg ...
downloading succeed
downloading image: 小熊料理1.jpg ...
downloading succeed
downloading image: 小熊料理.jpg ...
downloading succeed
downloading image: 小熊料理1.jpg ...
downloading succeed
downloading image: 小熊料理.jpg ...
downloading succeed
downloading image: 小熊料理1.jpg ...
downloading succeed
downloading image: 小熊料理.jpg ...
downloading succeed
downloading image: 小熊料理1.jpg ...
downloading succeed
downloading image: 小熊料理.jpg ...
downloading succeed
downloading image: 小熊料理1.jpg ...
downloading succeed
downloading image: 小熊料理.jpg ...
downloading succeed
downloading image: 小熊料理1.jpg ...
downloading succeed
downloading image: 小熊料理.jpg ...
downloading succeed
downloading image: 小熊料理1.jpg ...
downloading succeed
downloading image: 小熊料理.jpg ...
downloading succeed
downloading image: 小熊料理1.jpg ...
downloading succeed
downloading image: 小熊料理.jpg ...
downloading succeed
downloading image: 小熊料理1.jpg ...
downloading succeed
downloading image: 小熊料理.jpg ...
downloading succeed
downloading image: 小熊料理1.jpg ...
downloading succeed
downloading image: 小熊料理.jpg ...
downloading succeed
downloading image: 小熊料理1.jpg ...
downloading succeed
downloading image: bilibili壁纸.png ...
downloading succeed
downloading image: bilibili壁纸1.png ...
downloading succeed
downloading image: bilibili壁纸.png ...
downloading succeed
downloading image: bilibili壁纸1.png ...
downloading succeed
downloading image: bilibili壁纸.png ...
downloading succeed
downloading image: bilibili壁纸1.png ...
downloading succeed
downloading image: bilibili壁纸.png ...
downloading succeed
downloading image: bilibili壁纸1.png ...
downloading succeed
downloading image: bilibili壁纸.png ...
downloading succeed
downloading image: bilibili壁纸1.png ...
downloading succeed
downloading image: bilibili壁纸.png ...
downloading succeed
downloading image: bilibili壁纸1.png ...
downloading succeed
downloading image: bilibili壁纸.png ...
downloading succeed
downloading image: bilibili壁纸1.png ...
downloading succeed
downloading image: 悠悠世界树.jpg ...
downloading succeed
downloading image: 悠悠世界树1.jpg ...
downloading succeed
downloading image: 悠悠世界树2.jpg ...
downloading succeed
downloading image: 悠悠世界树3.jpg ...
downloading succeed
downloading image: 悠悠世界树4.jpg ...
downloading succeed
downloading image: 悠悠世界树5.jpg ...
downloading succeed
downloading image: 悠悠世界树6.jpg ...
downloading succeed
downloading image: 悠悠世界树.jpg ...
downloading succeed
downloading image: 悠悠世界树1.jpg ...
downloading succeed
downloading image: 悠悠世界树2.jpg ...
downloading succeed
downloading image: 悠悠世界树3.jpg ...
downloading succeed
downloading image: 悠悠世界树4.jpg ...
downloading succeed
downloading image: 悠悠世界树5.jpg ...
downloading succeed
downloading image: 悠悠世界树6.jpg ...
downloading succeed

=======================================================-===================

processing: https://api.vc.bilibili.com/link_draw/v1/doc/doc_list?uid=6823116&page_num=5&page_size=30&biz=all
{"code":0,"msg":"success","message":"success","data":{"items":[{"doc_id":570031,"poster_uid":6823116,"title":"悠悠世界树","description":"","pictures":[{"img_src":"https://i0.hdslb.com/bfs/drawyoo/89d0f199dc5e5c9f23051e5cbabb89fa4a133cc5.jpg","img_width":1027,"img_height":768,"img_size":706},{"img_src":"https://i0.hdslb.com/bfs/drawyoo/32bc5870d39a3da2fe96d504a0373dc3075b9bf4.jpg","img_width":1280,"img_height":800,"img_size":865},{"img_src":"https://i0.hdslb.com/bfs/drawyoo/20701c1c4e061692e60badff536903d2d4e11bbf.jpg","img_width":1366,"img_height":768,"img_size":880},{"img_src":"https://i0.hdslb.com/bfs/drawyoo/db4ac6a8d53b3951c025df64c65cb880399dc98f.jpg","img_width":1440,"img_height":900,"img_size":741},{"img_src":"https://i0.hdslb.com/bfs/drawyoo/54f094eec780c9ccdc15e6a0f63f75a1b7f71586.jpg","img_width":1600,"img_height":1200,"img_size":982},{"img_src":"https://i0.hdslb.com/bfs/drawyoo/cba5933c128fa2f0c7f2c06ec03c316e8026ebb6.jpg","img_width":1920,"img_height":1080,"img_size":1405},{"img_src":"https://i0.hdslb.com/bfs/drawyoo/b94a92460c9c9cf70e1e6cbe13132df9b0173e22.jpg","img_width":2560,"img_height":1920,"img_size":1221}],"count":7,"ctime":1435211059,"view":779,"like":0},{"doc_id":569940,"poster_uid":6823116,"title":"悠悠世界树","description":"","pictures":[{"img_src":"https://i0.hdslb.com/bfs/drawyoo/7d94540c8f2c8e73c97872abef6e64d22feaede5.jpg","img_width":1027,"img_height":768,"img_size":792},{"img_src":"https://i0.hdslb.com/bfs/drawyoo/720729ebd26390cc6103ae6575fc488a08739b30.jpg","img_width":1280,"img_height":800,"img_size":916},{"img_src":"https://i0.hdslb.com/bfs/drawyoo/8efef191cc59bb97746acf82215203f5d0779572.jpg","img_width":1366,"img_height":768,"img_size":926},{"img_src":"https://i0.hdslb.com/bfs/drawyoo/42a6f66eb066da1c9b20fc40af27f5005444f678.jpg","img_width":1440,"img_height":900,"img_size":1103},{"img_src":"https://i0.hdslb.com/bfs/drawyoo/4d6a77c56fb0c5258f362c5ea1cfe35a4d937a1d.jpg","img_width":1600,"img_height":1200,"img_size":1115},{"img_src":"https://i0.hdslb.com/bfs/drawyoo/554606a5e2f9762a1608a6f3113408c28f421871.jpg","img_width":1920,"img_height":1080,"img_size":1032},{"img_src":"https://i0.hdslb.com/bfs/drawyoo/b42229d2c6cdeac29659bb4fa6d0408ea88c7059.jpg","img_width":2560,"img_height":1920,"img_size":2086}],"count":7,"ctime":1435211029,"view":0,"like":0},{"doc_id":573806,"poster_uid":6823116,"title":"bilibili","description":"","pictures":[{"img_src":"https://i0.hdslb.com/bfs/drawyoo/e433987f096a596d0ef6fa8c291ba2e8c86cd42e.jpg","img_width":1920,"img_height":1080,"img_size":329}],"count":1,"ctime":1432020979,"view":4523,"like":3},{"doc_id":573698,"poster_uid":6823116,"title":"bilibili","description":"","pictures":[{"img_src":"https://i0.hdslb.com/bfs/drawyoo/0aca804765af4cab1bebf2aea769b1acdc842c38.jpg","img_width":1920,"img_height":1080,"img_size":344}],"count":1,"ctime":1432020967,"view":2634,"like":3},{"doc_id":573728,"poster_uid":6823116,"title":"bilibili","description":"","pictures":[{"img_src":"https://i0.hdslb.com/bfs/drawyoo/8c8426c6c283c39aa34a356f87cf21aa5bd66e0f.jpg","img_width":1920,"img_height":1080,"img_size":343}],"count":1,"ctime":1432020954,"view":3835,"like":3},{"doc_id":573807,"poster_uid":6823116,"title":"bilibili","description":"","pictures":[{"img_src":"https://i0.hdslb.com/bfs/drawyoo/8e5ef0ab0876608771d4b42829eb61010d116a26.jpg","img_width":1920,"img_height":1080,"img_size":339}],"count":1,"ctime":1432020942,"view":3304,"like":5},{"doc_id":573699,"poster_uid":6823116,"title":"bilibili","description":"","pictures":[{"img_src":"https://i0.hdslb.com/bfs/drawyoo/f3abac5222231ed7bdbcd548bb89ac358e0bc3b8.jpg","img_width":1920,"img_height":1080,"img_size":508}],"count":1,"ctime":1432020921,"view":2523,"like":3},{"doc_id":573729,"poster_uid":6823116,"title":"bilibili","description":"","pictures":[{"img_src":"https://i0.hdslb.com/bfs/drawyoo/0496b1240172834a1bf5f25d6835760eabb89526.jpg","img_width":1920,"img_height":1080,"img_size":320}],"count":1,"ctime":1432020907,"view":3451,"like":3},{"doc_id":573930,"poster_uid":6823116,"title":"bilibili","description":"","pictures":[{"img_src":"https://i0.hdslb.com/bfs/drawyoo/301dc1a8fa553efb0818c9723e4825aba1f38bcd.jpg","img_width":1920,"img_height":1080,"img_size":369}],"count":1,"ctime":1431920512,"view":4309,"like":6},{"doc_id":573760,"poster_uid":6823116,"title":"bilibili","description":"","pictures":[{"img_src":"https://i0.hdslb.com/bfs/drawyoo/19d45c8352ebf3271db37efde36049b73fc8a37b.jpg","img_width":1920,"img_height":1080,"img_size":310}],"count":1,"ctime":1431920495,"view":3721,"like":4},{"doc_id":573839,"poster_uid":6823116,"title":"bilibili","description":"","pictures":[{"img_src":"https://i0.hdslb.com/bfs/drawyoo/28b97f6a91419f646fabb30c96dca641a00a729b.jpg","img_width":1920,"img_height":1080,"img_size":364}],"count":1,"ctime":1431920479,"view":2679,"like":3},{"doc_id":573761,"poster_uid":6823116,"title":"穿越时空的小电视","description":"","pictures":[{"img_src":"https://i0.hdslb.com/bfs/drawyoo/01f16c83ba7b3a42969a4cba995b3fc8c551b8ac.png","img_width":1366,"img_height":768,"img_size":1291},{"img_src":"https://i0.hdslb.com/bfs/drawyoo/d000e7eaf5cd4aaa8425b12d27499bfdb5ba98bd.png","img_width":1920,"img_height":1080,"img_size":2352},{"img_src":"https://i0.hdslb.com/bfs/drawyoo/810c1014452128793d79e3cb87901cd86a02eb24.png","img_width":2560,"img_height":1440,"img_size":3872}],"count":3,"ctime":1431916500,"view":3879,"like":3},{"doc_id":578792,"poster_uid":6823116,"title":"2233大冒险","description":"鱼人节快乐~","pictures":[{"img_src":"https://i0.hdslb.com/bfs/drawyoo/817253e930b18409b9d222149ec0325dff5d10a3.png","img_width":1024,"img_height":768,"img_size":816},{"img_src":"https://i0.hdslb.com/bfs/drawyoo/78cbf347626613a5d96ae06324cbe9eff8b22391.png","img_width":1280,"img_height":800,"img_size":1131},{"img_src":"https://i0.hdslb.com/bfs/drawyoo/5253adde1a66a7cc2498195dce3e4fcf12c3ffaa.png","img_width":1366,"img_height":768,"img_size":1097},{"img_src":"https://i0.hdslb.com/bfs/drawyoo/40868f0c7f84b6f44db91823c7079cc53db7e7db.png","img_width":1440,"img_height":900,"img_size":1392},{"img_src":"https://i0.hdslb.com/bfs/drawyoo/a70863caeeb14a0c27c4f811d1d76adf31bad4e6.png","img_width":1600,"img_height":1200,"img_size":1651},{"img_src":"https://i0.hdslb.com/bfs/drawyoo/997c1ed25ed6a1c07c8e1a18f837d3251c6391ed.png","img_width":1680,"img_height":1050,"img_size":1732},{"img_src":"https://i0.hdslb.com/bfs/drawyoo/7bdd6d67ff5d497d756d4c1a36c3c6de641eb493.png","img_width":1920,"img_height":1080,"img_size":1849}],"count":7,"ctime":1427951294,"view":4429,"like":4},{"doc_id":580426,"poster_uid":6823116,"title":"梅露可物语","description":"","pictures":[{"img_src":"https://i0.hdslb.com/bfs/drawyoo/65ed4290d4bc98d726c5b330a36c0240f9629014.jpg","img_width":1920,"img_height":1080,"img_size":629},{"img_src":"https://i0.hdslb.com/bfs/drawyoo/3afc3a3f8627ad0303026c25bec4d7eec3b78d25.jpg","img_width":1600,"img_height":1200,"img_size":598},{"img_src":"https://i0.hdslb.com/bfs/drawyoo/b14fe19a9c3386518b5fafb35a4c0b57e619b9fe.jpg","img_width":1440,"img_height":900,"img_size":476},{"img_src":"https://i0.hdslb.com/bfs/drawyoo/e033f0e288cb0251dc93346a5631dd57dbc921bd.jpg","img_width":1366,"img_height":768,"img_size":384},{"img_src":"https://i0.hdslb.com/bfs/drawyoo/b0e464ed19b72dc295723de86ef05074b96a3ca8.jpg","img_width":1280,"img_height":800,"img_size":404},{"img_src":"https://i0.hdslb.com/bfs/drawyoo/49251f29268934589eb95f1e89043de466c0b844.jpg","img_width":1024,"img_height":768,"img_size":310},{"img_src":"https://i0.hdslb.com/bfs/drawyoo/a7aff3d9190a8876f937c4cac53aaa534ddfac7c.jpg","img_width":2560,"img_height":1920,"img_size":1214}],"count":7,"ctime":1426589542,"view":887,"like":0},{"doc_id":580289,"poster_uid":6823116,"title":"梅露可物语","description":"","pictures":[{"img_src":"https://i0.hdslb.com/bfs/drawyoo/bfd2008cfec23046fd31401b16ea3dbd8e20bdbe.jpg","img_width":1920,"img_height":1080,"img_size":1550},{"img_src":"https://i0.hdslb.com/bfs/drawyoo/353320ad9e0eb2f1b3b6fa688681fb5d83aeeb51.jpg","img_width":1600,"img_height":1200,"img_size":1487},{"img_src":"https://i0.hdslb.com/bfs/drawyoo/55034c11e9bc4993c632e95a88fedbe10146c335.jpg","img_width":1440,"img_height":900,"img_size":1044},{"img_src":"https://i0.hdslb.com/bfs/drawyoo/696e81058a1af65c9c3925107e5f4141fb2a4500.jpg","img_width":1366,"img_height":768,"img_size":831},{"img_src":"https://i0.hdslb.com/bfs/drawyoo/2526ef5b91e34c7eb2525c3cd5e1e035f9ce4926.jpg","img_width":1280,"img_height":800,"img_size":876},{"img_src":"https://i0.hdslb.com/bfs/drawyoo/559c4e0b0218151361f7c1810691fb6762b714fd.jpg","img_width":1024,"img_height":768,"img_size":739},{"img_src":"https://i0.hdslb.com/bfs/drawyoo/92f4b9f0e0b74603b61040a436a07d4630d212ca.jpg","img_width":2560,"img_height":1920,"img_size":2901}],"count":7,"ctime":1426589504,"view":1246,"like":0},{"doc_id":580330,"poster_uid":6823116,"title":"梅露可物语","description":"","pictures":[{"img_src":"https://i0.hdslb.com/bfs/drawyoo/1cc97ee675dee7e8eea2903a16cb53258dff0ad4.jpg","img_width":1920,"img_height":1080,"img_size":1090},{"img_src":"https://i0.hdslb.com/bfs/drawyoo/42a51439489a5499712ed1281a40a0995b546cfc.jpg","img_width":1600,"img_height":1200,"img_size":1005},{"img_src":"https://i0.hdslb.com/bfs/drawyoo/74dd608e7ea0a603ef86e285a3d8150da23fb766.jpg","img_width":1440,"img_height":900,"img_size":779},{"img_src":"https://i0.hdslb.com/bfs/drawyoo/cccb232b6233126793a070cd853eee71411a9b01.jpg","img_width":1366,"img_height":768,"img_size":669},{"img_src":"https://i0.hdslb.com/bfs/drawyoo/e85965e1669187e191b9efa4a029199d6b3fdb89.jpg","img_width":1280,"img_height":800,"img_size":660},{"img_src":"https://i0.hdslb.com/bfs/drawyoo/bbe1145decd4ee4517a9129e2dc6510c2384a10b.jpg","img_width":1024,"img_height":768,"img_size":518},{"img_src":"https://i0.hdslb.com/bfs/drawyoo/0ee8c51277d4f23f2fe2e65ef316a715a51cb945.jpg","img_width":2560,"img_height":1920,"img_size":1772}],"count":7,"ctime":1426589484,"view":849,"like":0},{"doc_id":580427,"poster_uid":6823116,"title":"梅露可物语","description":"","pictures":[{"img_src":"https://i0.hdslb.com/bfs/drawyoo/5fecb1ae780c16803e1336de8ab1492a262f44f5.jpg","img_width":1280,"img_height":800,"img_size":384},{"img_src":"https://i0.hdslb.com/bfs/drawyoo/720f8b5fc8e84e1600e350ff807d6b28926fe1a9.jpg","img_width":1024,"img_height":768,"img_size":276},{"img_src":"https://i0.hdslb.com/bfs/drawyoo/a7225a3b75bf40d9e18d28f764011b5d3af48dd3.jpg","img_width":2560,"img_height":1920,"img_size":1219},{"img_src":"https://i0.hdslb.com/bfs/drawyoo/ffd630ee16262cb947b6e2363569a75bb7e0fbb0.jpg","img_width":1920,"img_height":1080,"img_size":696},{"img_src":"https://i0.hdslb.com/bfs/drawyoo/1afd8a5dfe532bbff25805185f8c54f7c1dcc70b.jpg","img_width":1600,"img_height":1200,"img_size":566},{"img_src":"https://i0.hdslb.com/bfs/drawyoo/342d18ac4d010d64e540a251fab2cdf74dd0ae7a.jpg","img_width":1440,"img_height":900,"img_size":461},{"img_src":"https://i0.hdslb.com/bfs/drawyoo/e83e36a7f9fc8f8be6f0643f076313a289a99832.jpg","img_width":1366,"img_height":768,"img_size":410}],"count":7,"ctime":1426589459,"view":672,"like":0},{"doc_id":580290,"poster_uid":6823116,"title":"梅露可物语","description":"","pictures":[{"img_src":"https://i0.hdslb.com/bfs/drawyoo/c55df94a6318f83355025ac383f4caf5a11ab9de.jpg","img_width":1920,"img_height":1080,"img_size":1099},{"img_src":"https://i0.hdslb.com/bfs/drawyoo/c1fd8def4da4bc7d69efa0c7cb2e14ff4f4e26c4.jpg","img_width":1600,"img_height":1200,"img_size":958},{"img_src":"https://i0.hdslb.com/bfs/drawyoo/51befe16cc7d505da761e2e35bc23674e3678315.jpg","img_width":1440,"img_height":900,"img_size":681},{"img_src":"https://i0.hdslb.com/bfs/drawyoo/a0363f17b0d132f200bd665630208a60adb28544.jpg","img_width":1366,"img_height":768,"img_size":650},{"img_src":"https://i0.hdslb.com/bfs/drawyoo/704f090910687d1e0a99844160b8a38fca09d907.jpg","img_width":1280,"img_height":800,"img_size":571},{"img_src":"https://i0.hdslb.com/bfs/drawyoo/e0e29ade723917f02c49b6269ecb8b7d4fae589b.jpg","img_width":1024,"img_height":768,"img_size":484},{"img_src":"https://i0.hdslb.com/bfs/drawyoo/4ce21efc1dd11b5d1fcfcd1990de1e0fb484d47a.jpg","img_width":2560,"img_height":1920,"img_size":1866}],"count":7,"ctime":1426589433,"view":702,"like":0},{"doc_id":580331,"poster_uid":6823116,"title":"梅露可物语","description":"","pictures":[{"img_src":"https://i0.hdslb.com/bfs/drawyoo/1a311bf18d7ff81e50959b4cf3e6121fc2a05966.jpg","img_width":2560,"img_height":1920,"img_size":1673},{"img_src":"https://i0.hdslb.com/bfs/drawyoo/30add08a8a49c07b53c872af8d88ff19d933fbff.jpg","img_width":1280,"img_height":800,"img_size":525},{"img_src":"https://i0.hdslb.com/bfs/drawyoo/e32b57f88ea6de220e7137cd5c0beac72211b6c3.jpg","img_width":1024,"img_height":768,"img_size":460},{"img_src":"https://i0.hdslb.com/bfs/drawyoo/b3856ea829c287d54b163a4d9ca5223bbb6ee48a.jpg","img_width":1920,"img_height":1080,"img_size":1053},{"img_src":"https://i0.hdslb.com/bfs/drawyoo/17254d15d7853e27fbc2e8cedf65b312a9399ba6.jpg","img_width":1600,"img_height":1200,"img_size":881},{"img_src":"https://i0.hdslb.com/bfs/drawyoo/3325632865bea1e4eecdc01c3b11e0db38935753.jpg","img_width":1440,"img_height":900,"img_size":615},{"img_src":"https://i0.hdslb.com/bfs/drawyoo/814a0fc7e3b36f6c3562dff6307ca368b342e0c5.jpg","img_width":1366,"img_height":768,"img_size":647}],"count":7,"ctime":1426589336,"view":627,"like":0},{"doc_id":581608,"poster_uid":6823116,"title":"幻想战姬","description":"","pictures":[{"img_src":"https://i0.hdslb.com/bfs/drawyoo/99b579d02874181397fce2d4b85e4f0587fc8409.jpg","img_width":2560,"img_height":1920,"img_size":1706}],"count":1,"ctime":1425541908,"view":1392,"like":0},{"doc_id":581471,"poster_uid":6823116,"title":"幻想战姬","description":"","pictures":[{"img_src":"https://i0.hdslb.com/bfs/drawyoo/bb381c24fe9ae9d061781225caa61a60d572290b.jpg","img_width":2560,"img_height":1920,"img_size":2117}],"count":1,"ctime":1425541881,"view":1819,"like":0},{"doc_id":581532,"poster_uid":6823116,"title":"幻想战姬","description":"","pictures":[{"img_src":"https://i0.hdslb.com/bfs/drawyoo/96a890bc098f282c6025f280cff3dd98657a0806.jpg","img_width":2560,"img_height":1920,"img_size":1526}],"count":1,"ctime":1425541862,"view":893,"like":0},{"doc_id":581609,"poster_uid":6823116,"title":"幻想战姬","description":"","pictures":[{"img_src":"https://i0.hdslb.com/bfs/drawyoo/a9a779629703506a5a2d2c1b738c3e740a0a4355.jpg","img_width":2560,"img_height":1920,"img_size":1839}],"count":1,"ctime":1425541845,"view":992,"like":0},{"doc_id":581472,"poster_uid":6823116,"title":"幻想战姬","description":"","pictures":[{"img_src":"https://i0.hdslb.com/bfs/drawyoo/03b7ebc862690028ebddbd534ccdaa7fef061f64.jpg","img_width":2560,"img_height":1920,"img_size":1170}],"count":1,"ctime":1425541832,"view":634,"like":0},{"doc_id":581533,"poster_uid":6823116,"title":"幻想战姬","description":"","pictures":[{"img_src":"https://i0.hdslb.com/bfs/drawyoo/12a2feeb8c1fafb264646f081dd3c299b241c62a.jpg","img_width":2560,"img_height":1920,"img_size":1655}],"count":1,"ctime":1425541816,"view":927,"like":0},{"doc_id":581610,"poster_uid":6823116,"title":"幻想战姬","description":"","pictures":[{"img_src":"https://i0.hdslb.com/bfs/drawyoo/54a75a35e27f35a718fefb2df6ece99d5d3a039a.jpg","img_width":1920,"img_height":1200,"img_size":1029},{"img_src":"https://i0.hdslb.com/bfs/drawyoo/99e2d0a21c136b0f54801a103b134494d067a314.jpg","img_width":2560,"img_height":1920,"img_size":1628},{"img_src":"https://i0.hdslb.com/bfs/drawyoo/bbb711e7906d7898ca7879159c0de1bdb4ba29cc.jpg","img_width":1600,"img_height":1200,"img_size":1038}],"count":3,"ctime":1425541796,"view":1266,"like":0},{"doc_id":581473,"poster_uid":6823116,"title":"幻想战姬","description":"","pictures":[{"img_src":"https://i0.hdslb.com/bfs/drawyoo/d3c851d8e53659a16bd2db8735d86c783b79895d.jpg","img_width":1920,"img_height":1200,"img_size":973},{"img_src":"https://i0.hdslb.com/bfs/drawyoo/b8eb5e2cc8bfdbbc5783a14bf93a9639f87b24cc.jpg","img_width":2560,"img_height":1920,"img_size":1753},{"img_src":"https://i0.hdslb.com/bfs/drawyoo/c842266ee1e5d80661b0bfa9b77d139c35a5b434.jpg","img_width":1600,"img_height":1200,"img_size":977}],"count":3,"ctime":1425541778,"view":978,"like":0},{"doc_id":581534,"poster_uid":6823116,"title":"幻想战姬","description":"","pictures":[{"img_src":"https://i0.hdslb.com/bfs/drawyoo/505b7cc3452f71a57850d058cda9f413ebfbd504.jpg","img_width":1920,"img_height":1200,"img_size":1011},{"img_src":"https://i0.hdslb.com/bfs/drawyoo/c94db78c1f2e4ca57966a5067c3e2835dc7242ff.jpg","img_width":2560,"img_height":1920,"img_size":2485},{"img_src":"https://i0.hdslb.com/bfs/drawyoo/198a2f19511b7c699d526ec4dacefc30924b4bf5.jpg","img_width":1600,"img_height":1200,"img_size":892}],"count":3,"ctime":1425541758,"view":1091,"like":0},{"doc_id":581611,"poster_uid":6823116,"title":"幻想战姬","description":"","pictures":[{"img_src":"https://i0.hdslb.com/bfs/drawyoo/8888bbbaa80fa6c047a029725f3915b183fb42cd.jpg","img_width":1920,"img_height":1200,"img_size":1017},{"img_src":"https://i0.hdslb.com/bfs/drawyoo/87b6a7a7986a6c894ff0f87b6e1e46f145dc8fc0.jpg","img_width":1600,"img_height":1200,"img_size":986}],"count":2,"ctime":1425541742,"view":750,"like":1},{"doc_id":581474,"poster_uid":6823116,"title":"幻想战姬","description":"","pictures":[{"img_src":"https://i0.hdslb.com/bfs/drawyoo/66a961f247e06318a861d025e2bdf31f9afad3db.jpg","img_width":1920,"img_height":1200,"img_size":922},{"img_src":"https://i0.hdslb.com/bfs/drawyoo/73ef66763fd6126e81c51a88e0798877ae9d6427.jpg","img_width":1600,"img_height":1200,"img_size":813}],"count":2,"ctime":1425541727,"view":596,"like":1}]}}
downloading image: 悠悠世界树.jpg ...
downloading succeed
downloading image: 悠悠世界树1.jpg ...
downloading succeed
downloading image: 悠悠世界树2.jpg ...
downloading succeed
downloading image: 悠悠世界树3.jpg ...
downloading succeed
downloading image: 悠悠世界树4.jpg ...
downloading succeed
downloading image: 悠悠世界树5.jpg ...
